<?xml version="1.0" encoding="UTF-8"?>
<!-- Generated by org.testng.reporters.JUnitReportReporter -->
<testsuite hostname="DESKTOP-24T7UKH" failures="0" tests="1" name="test.FacebookAutomation" time="5.350" errors="0" timestamp="2024-05-08T16:12:27 IST" skipped="0">
  <testcase classname="test.FacebookAutomation" name="loginPage" time="5.350"/>
</testsuite> <!-- test.FacebookAutomation -->
