<?xml version="1.0" encoding="UTF-8"?>
<!-- Generated by org.testng.reporters.JUnitReportReporter -->
<testsuite hostname="DESKTOP-24T7UKH" failures="0" tests="3" name="testbase.TestRunners" time="13.120" errors="0" timestamp="2024-05-17T11:35:39 IST" skipped="0">
  <testcase classname="testbase.TestRunners" name="TC002_invalidpassword" time="0.722"/>
  <testcase classname="testbase.TestRunners" name="f" time="0.027"/>
  <testcase classname="testbase.TestRunners" name="TC003_validlogin" time="12.371"/>
</testsuite> <!-- testbase.TestRunners -->
