<?xml version="1.0" encoding="UTF-8"?>
<!-- Generated by org.testng.reporters.JUnitReportReporter -->
<testsuite hostname="DESKTOP-24T7UKH" failures="0" tests="3" name="testbase.TestRunners" time="9.902" errors="0" timestamp="2024-05-17T11:29:07 IST" skipped="0">
  <testcase classname="testbase.TestRunners" name="TC002_invalidpassword" time="1.103"/>
  <testcase classname="testbase.TestRunners" name="f" time="0.037"/>
  <testcase classname="testbase.TestRunners" name="TC003_validlogin" time="8.762"/>
</testsuite> <!-- testbase.TestRunners -->
