<?xml version="1.0" encoding="UTF-8"?>
<!-- Generated by org.testng.reporters.JUnitReportReporter -->
<testsuite hostname="DESKTOP-24T7UKH" failures="0" tests="1" name="testbase.TestBase" time="0.032" errors="0" timestamp="2024-05-17T11:20:40 IST" skipped="0">
  <testcase classname="testbase.TestBase" name="f" time="0.032"/>
</testsuite> <!-- testbase.TestBase -->
